<?xml version="1.0" encoding="UTF-8" ?>
<testsuites errors="1"
            failures="1"
            tests="1">

  <testsuite name="index"
    errors="1" failures="1" hostname="" id="" package="index" skipped="0"
    tests="1" time="25.48" timestamp="">
  
    <testcase name="Validate Screen" classname="index" time="25.48" assertions="9">

    

    

    

    

    

    

    

      <failure message="Expected element &lt;//div[contains(@class,&#34;alert alert-danger&#34;)]&gt; to be visible - element was not found - expected &#34;visible&#34; but got: &#34;not found&#34; (5173ms)">    at Object.Validate Screen (C:\Users\rpera\Desktop\Upshow Test\UPshow-QA-Evaluation\UPshow-Test\tests\index.js:32:35)</failure>
<system-out>[[ATTACHMENT|C:\Users\rpera\Desktop\Upshow Test\UPshow-QA-Evaluation\UPshow-Test\tests_output\screenshots\index\Validate-Screen_FAILED_Sep-21-2021-014608-GMT-0300-(hora-de-la-Guayana.png]]</system-out>
    
    <error message="Error while running &#34;element&#34; command: Expected element &lt;//div[contains(@class,&#34;alert alert-danger&#34;)]&gt; to be visible - element was not found - expected [0;32m&#34;visible&#34;[0m but got: [0;31m&#34;not found&#34;[0m[0;90m (5173ms)[0m" type="error"><![CDATA[
        at Object.Validate Screen (C:\Users\rpera\Desktop\Upshow Test\UPshow-QA-Evaluation\UPshow-Test\tests\index.js:32:35)
    ]]></error>
    
    </testcase>
  

  
    <system-err>
        NoSuchElementError: An error occurred while running .click() command on &lt;//a[@href=&#34;https://www.phptravels.net/signup&#34;]&gt;:   (Session info: chrome=87.0.4280.66),  (Driver info: chromedriver=87.0.4280.88 (89e2380a3e36c3464b5dd1302349b1382549290d-refs/branch-heads/4280@{#1761}),platform=Windows NT 10.0.19042 x86_64); invalid selector: An invalid or illegal selector was specified
   {&#34;status&#34;:-1,&#34;state&#34;:&#34;&#34;,&#34;code&#34;:&#34;&#34;,&#34;value&#34;:{&#34;message&#34;:&#34;invalid selector: An invalid or illegal selector was specified&#34;,&#34;error&#34;:[&#34;  (Session info: chrome=87.0.4280.66)&#34;,&#34;  (Driver info: chromedriver=87.0.4280.88 (89e2380a3e36c3464b5dd1302349b1382549290d-refs/branch-heads/4280@{#1761}),platform=Windows NT 10.0.19042 x86_64)&#34;]},&#34;errorStatus&#34;:32,&#34;error&#34;:&#34;The supplied argument was an invalid selector (e.g. XPath/CSS). â€“ invalid selector: An invalid or illegal selector was s...&#34;,&#34;httpStatusCode&#34;:200}
       at processTicksAndRejections (internal/process/task_queues.js:95:5)
    </system-err>
  

    

  
  </testsuite>
</testsuites>
